[debug] [2026-02-23T22:25:32.991Z] ----------------------------------------------------------------------
[debug] [2026-02-23T22:25:32.997Z] Command:       C:\Program Files\nodejs\node.exe C:\Users\varku\AppData\Roaming\npm\node_modules\firebase-tools\lib\bin\firebase.js emulators:start --only hosting
[debug] [2026-02-23T22:25:32.997Z] CLI Version:   15.7.0
[debug] [2026-02-23T22:25:32.997Z] Platform:      win32
[debug] [2026-02-23T22:25:32.997Z] Node Version:  v24.13.1
[debug] [2026-02-23T22:25:32.998Z] Time:          Mon Feb 23 2026 14:25:32 GMT-0800 (Pacific Standard Time)
[debug] [2026-02-23T22:25:32.998Z] ----------------------------------------------------------------------
[debug] 
[debug] [2026-02-23T22:25:35.293Z] > command requires scopes: ["email","openid","https://www.googleapis.com/auth/cloudplatformprojects.readonly","https://www.googleapis.com/auth/firebase","https://www.googleapis.com/auth/cloud-platform"]
[debug] [2026-02-23T22:25:35.294Z] > authorizing via signed-in user (sowmyaareddy12@gmail.com)
[info] i  emulators: Starting emulators: hosting {"metadata":{"emulator":{"name":"hub"},"message":"Starting emulators: hosting"}}
[debug] [2026-02-23T22:25:35.314Z] [logging] Logging Emulator only supports listening on one address (127.0.0.1). Not listening on ::1
[debug] [2026-02-23T22:25:35.314Z] [hosting] Hosting Emulator only supports listening on one address (127.0.0.1). Not listening on ::1
[debug] [2026-02-23T22:25:35.315Z] assigned listening specs for emulators {"user":{"hub":[{"address":"127.0.0.1","family":"IPv4","port":4400},{"address":"::1","family":"IPv6","port":4400}],"logging":[{"address":"127.0.0.1","family":"IPv4","port":4500}],"hosting":[{"address":"127.0.0.1","family":"IPv4","port":5000}]},"metadata":{"message":"assigned listening specs for emulators"}}
[debug] [2026-02-23T22:25:35.324Z] Write emulator hub locator at C:\Users\varku\AppData\Local\Temp\hub-vsr-resin-and-mandala-arts.json
[debug] [2026-02-23T22:25:35.348Z] Checked if tokens are valid: true, expires at: 1771887405495
[debug] [2026-02-23T22:25:35.349Z] Checked if tokens are valid: true, expires at: 1771887405495
[debug] [2026-02-23T22:25:35.351Z] >>> [apiv2][query] GET https://firebasehosting.googleapis.com/v1beta1/projects/vsr-resin-and-mandala-arts/sites 
[debug] [2026-02-23T22:25:36.399Z] <<< [apiv2][status] GET https://firebasehosting.googleapis.com/v1beta1/projects/vsr-resin-and-mandala-arts/sites 200
[debug] [2026-02-23T22:25:36.400Z] <<< [apiv2][body] GET https://firebasehosting.googleapis.com/v1beta1/projects/vsr-resin-and-mandala-arts/sites {"sites":[{"name":"projects/vsr-resin-and-mandala-arts/sites/vsr-resin-and-mandala-arts","defaultUrl":"https://vsr-resin-and-mandala-arts.web.app","appId":"1:382985997925:web:573e0c33b37d8f276c408c","type":"DEFAULT_SITE"}]}
[debug] [2026-02-23T22:25:36.400Z] Checked if tokens are valid: true, expires at: 1771887405495
[debug] [2026-02-23T22:25:36.400Z] Checked if tokens are valid: true, expires at: 1771887405495
[debug] [2026-02-23T22:25:36.400Z] >>> [apiv2][query] GET https://firebase.googleapis.com/v1beta1/projects/vsr-resin-and-mandala-arts/webApps/1:382985997925:web:573e0c33b37d8f276c408c/config [none]
[debug] [2026-02-23T22:25:36.975Z] <<< [apiv2][status] GET https://firebase.googleapis.com/v1beta1/projects/vsr-resin-and-mandala-arts/webApps/1:382985997925:web:573e0c33b37d8f276c408c/config 200
[debug] [2026-02-23T22:25:36.975Z] <<< [apiv2][body] GET https://firebase.googleapis.com/v1beta1/projects/vsr-resin-and-mandala-arts/webApps/1:382985997925:web:573e0c33b37d8f276c408c/config {"projectId":"vsr-resin-and-mandala-arts","appId":"1:382985997925:web:573e0c33b37d8f276c408c","storageBucket":"vsr-resin-and-mandala-arts.firebasestorage.app","apiKey":"AIzaSyDhmjZsa-3G-SagS1XhN7tdc65tYomZn6o","authDomain":"vsr-resin-and-mandala-arts.firebaseapp.com","messagingSenderId":"382985997925","measurementId":"G-GVRMC5P91Z","projectNumber":"382985997925","version":"2"}
[debug] [2026-02-23T22:25:36.987Z] Checked if tokens are valid: true, expires at: 1771887405495
[debug] [2026-02-23T22:25:36.987Z] Checked if tokens are valid: true, expires at: 1771887405495
[debug] [2026-02-23T22:25:36.988Z] >>> [apiv2][query] GET https://firebase.googleapis.com/v1beta1/projects/vsr-resin-and-mandala-arts [none]
[debug] [2026-02-23T22:25:37.217Z] <<< [apiv2][status] GET https://firebase.googleapis.com/v1beta1/projects/vsr-resin-and-mandala-arts 200
[debug] [2026-02-23T22:25:37.217Z] <<< [apiv2][body] GET https://firebase.googleapis.com/v1beta1/projects/vsr-resin-and-mandala-arts {"projectId":"vsr-resin-and-mandala-arts","projectNumber":"382985997925","displayName":"vsr-resin-and-mandala-arts","name":"projects/vsr-resin-and-mandala-arts","resources":{"hostingSite":"vsr-resin-and-mandala-arts"},"state":"ACTIVE","etag":"1_91fcf754-30f2-41c5-8de3-ab49d30fc7f0"}
[info] i  hosting[vsr-resin-and-mandala-arts]: Serving hosting files from: public {"metadata":{"emulator":{"name":"hosting"},"message":"Serving hosting files from: \u001b[1mpublic\u001b[22m"}}
[info] +  hosting[vsr-resin-and-mandala-arts]: Local server: http://127.0.0.1:5000 {"metadata":{"emulator":{"name":"hosting"},"message":"Local server: \u001b[4m\u001b[1mhttp://127.0.0.1:5000\u001b[22m\u001b[24m"}}
[warn] !  emulators: The Emulator UI is not starting because none of the running emulators have a UI component. {"metadata":{"emulator":{"name":"hub"},"message":"The Emulator UI is not starting because none of the running emulators have a UI component."}}
[debug] [2026-02-23T22:25:37.268Z] Could not find VSCode notification endpoint: FetchError: request to http://localhost:40001/vscode/notify failed, reason: . If you are not running the Firebase Data Connect VSCode extension, this is expected and not an issue.
[info] 
┌─────────────────────────────────────────────────────────────┐
│ ✔  All emulators ready! It is now safe to connect your app. │
└─────────────────────────────────────────────────────────────┘

┌──────────┬────────────────┐
│ Emulator │ Host:Port      │
├──────────┼────────────────┤
│ Hosting  │ 127.0.0.1:5000 │
└──────────┴────────────────┘
  Emulator Hub host: 127.0.0.1 port: 4400
  Other reserved ports: 4500

Issues? Report them at https://github.com/firebase/firebase-tools/issues and attach the *-debug.log files.
 
